<?xml version="1.0" encoding="UTF-8"?>
<!-- Generated by org.testng.reporters.JUnitReportReporter -->
<testsuite hostname="DESKTOP-T80B7CO" failures="0" tests="1" name="testcase.CheckoutStepTwoTest" time="9.132" errors="0" timestamp="2025-03-05T23:35:20 IST" skipped="0">
  <testcase classname="testcase.CheckoutStepTwoTest" name="verifyDescriptionLable" time="9.132"/>
  <system-out>
    <![CDATA[lable is displayed true]]>
  </system-out>
</testsuite> <!-- testcase.CheckoutStepTwoTest -->
