<?xml version="1.0" encoding="UTF-8"?>
<!-- Generated by org.testng.reporters.JUnitReportReporter -->
<testsuite hostname="DESKTOP-T80B7CO" failures="0" tests="1" name="testcase.checkoutStepOneTest" time="37.945" errors="0" timestamp="2025-03-11T23:34:36 IST" skipped="0">
  <testcase classname="testcase.checkoutStepOneTest" name="verifyAllFieds" time="37.945"/>
  <system-out>
    <![CDATA[continue button clicked go to next stepError: First Name is required]]>
  </system-out>
</testsuite> <!-- testcase.checkoutStepOneTest -->
