<?xml version="1.0" encoding="UTF-8"?>
<!-- Generated by org.testng.reporters.JUnitReportReporter -->
<testsuite hostname="DESKTOP-T80B7CO" failures="0" tests="1" name="testcase.LoginTest" time="10.154" errors="0" timestamp="2025-03-21T11:29:52 IST" skipped="0">
  <testcase classname="testcase.LoginTest" name="verifyTITLEOFApplication" time="10.154"/>
  <system-out/>
</testsuite> <!-- testcase.LoginTest -->
