<?xml version="1.0" encoding="UTF-8"?>
<!-- Generated by org.testng.reporters.JUnitReportReporter -->
<testsuite hostname="DESKTOP-T80B7CO" failures="0" tests="1" name="testcase.inventoryPageTest" time="9.614" errors="0" timestamp="2025-03-05T21:57:30 IST" skipped="0">
  <testcase classname="testcase.inventoryPageTest" name="productAddedToCart" time="9.614"/>
  <system-out>
    <![CDATA[total product added2]]>
  </system-out>
</testsuite> <!-- testcase.inventoryPageTest -->
