<?xml version="1.0" encoding="UTF-8"?>
<!-- Generated by org.testng.reporters.JUnitReportReporter -->
<testsuite hostname="DESKTOP-T80B7CO" failures="0" tests="1" name="testcase.checkoutCompletePageTest" time="9.883" errors="0" timestamp="2025-03-04T22:52:50 IST" skipped="0">
  <testcase classname="testcase.checkoutCompletePageTest" name="cartIconClick" time="9.883"/>
  <system-out>
    <![CDATA[finish button clickedhttps://www.saucedemo.com/cart.html]]>
  </system-out>
</testsuite> <!-- testcase.checkoutCompletePageTest -->
