<?xml version="1.0" encoding="UTF-8"?>
<!-- Generated by org.testng.reporters.JUnitReportReporter -->
<testsuite hostname="DESKTOP-T80B7CO" failures="0" tests="1" name="testcase.LoginTest" time="13.479" errors="0" timestamp="2025-03-20T12:50:41 IST" skipped="0">
  <testcase classname="testcase.LoginTest" name="loginToApplication" time="13.479"/>
  <system-out>
    <![CDATA[Login successful https://www.saucedemo.com/inventory.html]]>
  </system-out>
</testsuite> <!-- testcase.LoginTest -->
